MyHealthApp/app/build/outputs/logs/manifest-merger-release-report.txt
-- Merging decision tree log ---
manifest
ADDED from src\main\AndroidManifest.xml:2:1-101:12
	package
		ADDED from src\main\AndroidManifest.xml:3:5-40
		INJECTED from src\main\AndroidManifest.xml
		INJECTED from src\main\AndroidManifest.xml
	android:versionName
		ADDED from src\main\AndroidManifest.xml:5:5-30
		INJECTED from src\main\AndroidManifest.xml
		INJECTED from src\main\AndroidManifest.xml
	android:versionCode
		ADDED from src\main\AndroidManifest.xml:4:5-28
		INJECTED from src\main\AndroidManifest.xml
		INJECTED from src\main\AndroidManifest.xml
	xmlns:android
		ADDED from src\main\AndroidManifest.xml:2:11-69
uses-sdk
ADDED from src\main\AndroidManifest.xml:7:5-9:41
MERGED from [com.android.support:support-v4:22.2.1] AndroidManifest.xml:20:5-43
	android:targetSdkVersion
		ADDED from src\main\AndroidManifest.xml:9:9-38
		INJECTED from src\main\AndroidManifest.xml
		INJECTED from src\main\AndroidManifest.xml
	android:minSdkVersion
		ADDED from src\main\AndroidManifest.xml:8:9-35
		INJECTED from src\main\AndroidManifest.xml
		INJECTED from src\main\AndroidManifest.xml
uses-permission#android.permission.BLUETOOTH
ADDED from src\main\AndroidManifest.xml:11:5-68
	android:name
		ADDED from src\main\AndroidManifest.xml:11:22-65
uses-permission#android.permission.BLUETOOTH_ADMIN
ADDED from src\main\AndroidManifest.xml:12:5-74
	android:name
		ADDED from src\main\AndroidManifest.xml:12:22-71
uses-permission#android.permission.READ_PHONE_STATE
ADDED from src\main\AndroidManifest.xml:13:5-75
	android:name
		ADDED from src\main\AndroidManifest.xml:13:22-72
uses-permission#android.permission.INTERNET
ADDED from src\main\AndroidManifest.xml:14:5-67
	android:name
		ADDED from src\main\AndroidManifest.xml:14:22-64
uses-permission#android.permission.ACCESS_NETWORK_STATE
ADDED from src\main\AndroidManifest.xml:15:5-79
	android:name
		ADDED from src\main\AndroidManifest.xml:15:22-76
uses-permission#android.permission.WRITE_EXTERNAL_STORAGE
ADDED from src\main\AndroidManifest.xml:16:5-81
	android:name
		ADDED from src\main\AndroidManifest.xml:16:22-78
uses-permission#android.permission.ACCESS_WIFI_STATE
ADDED from src\main\AndroidManifest.xml:17:5-76
	android:name
		ADDED from src\main\AndroidManifest.xml:17:22-73
uses-permission#android.permission.CHANGE_WIFI_STATE
ADDED from src\main\AndroidManifest.xml:18:5-76
	android:name
		ADDED from src\main\AndroidManifest.xml:18:22-73
uses-permission#android.permission.RECORD_AUDIO
ADDED from src\main\AndroidManifest.xml:19:5-71
	android:name
		ADDED from src\main\AndroidManifest.xml:19:22-68
uses-permission#android.permission.ACCESS_COARSE_LOCATION
ADDED from src\main\AndroidManifest.xml:20:5-81
	android:name
		ADDED from src\main\AndroidManifest.xml:20:22-78
android:uses-permission#android.permission.READ_EXTERNAL_STORAGE
ADDED from src\main\AndroidManifest.xml:22:5-88
	android:name
		ADDED from src\main\AndroidManifest.xml:22:30-85
application
ADDED from src\main\AndroidManifest.xml:24:5-99:19
MERGED from [com.android.support:support-v4:22.2.1] AndroidManifest.xml:22:5-20
	android:label
		ADDED from src\main\AndroidManifest.xml:27:9-41
	android:allowBackup
		ADDED from src\main\AndroidManifest.xml:25:9-35
	android:icon
		ADDED from src\main\AndroidManifest.xml:26:9-43
	android:theme
		ADDED from src\main\AndroidManifest.xml:28:9-40
activity#com.ihealth.main.MainActivity
ADDED from src\main\AndroidManifest.xml:29:9-37:20
	android:label
		ADDED from src\main\AndroidManifest.xml:31:13-45
	android:name
		ADDED from src\main\AndroidManifest.xml:30:13-57
intent-filter#android.intent.action.MAIN+android.intent.category.LAUNCHER
ADDED from src\main\AndroidManifest.xml:32:13-36:29
action#android.intent.action.MAIN
ADDED from src\main\AndroidManifest.xml:33:17-69
	android:name
		ADDED from src\main\AndroidManifest.xml:33:25-66
category#android.intent.category.LAUNCHER
ADDED from src\main\AndroidManifest.xml:35:17-77
	android:name
		ADDED from src\main\AndroidManifest.xml:35:27-74
activity#com.ihealth.devices.BP5
ADDED from src\main\AndroidManifest.xml:38:9-40:67
	android:label
		ADDED from src\main\AndroidManifest.xml:40:13-55
	android:name
		ADDED from src\main\AndroidManifest.xml:39:13-51
activity#com.ihealth.devices.BP7
ADDED from src\main\AndroidManifest.xml:41:9-43:67
	android:label
		ADDED from src\main\AndroidManifest.xml:43:13-55
	android:name
		ADDED from src\main\AndroidManifest.xml:42:13-51
activity#com.ihealth.devices.BP3L
ADDED from src\main\AndroidManifest.xml:44:9-46:69
	android:label
		ADDED from src\main\AndroidManifest.xml:46:13-57
	android:name
		ADDED from src\main\AndroidManifest.xml:45:13-52
activity#com.ihealth.devices.BP3M
ADDED from src\main\AndroidManifest.xml:47:9-49:69
	android:label
		ADDED from src\main\AndroidManifest.xml:49:13-57
	android:name
		ADDED from src\main\AndroidManifest.xml:48:13-52
activity#com.ihealth.devices.HS5BT
ADDED from src\main\AndroidManifest.xml:50:9-52:70
	android:label
		ADDED from src\main\AndroidManifest.xml:52:13-58
	android:name
		ADDED from src\main\AndroidManifest.xml:51:13-53
activity#com.ihealth.devices.HS5wifi
ADDED from src\main\AndroidManifest.xml:53:9-55:72
	android:label
		ADDED from src\main\AndroidManifest.xml:55:13-60
	android:name
		ADDED from src\main\AndroidManifest.xml:54:13-55
activity#com.ihealth.devices.HS3
ADDED from src\main\AndroidManifest.xml:56:9-58:67
	android:label
		ADDED from src\main\AndroidManifest.xml:58:13-55
	android:name
		ADDED from src\main\AndroidManifest.xml:57:13-51
activity#com.ihealth.devices.HS4
ADDED from src\main\AndroidManifest.xml:59:9-61:67
	android:label
		ADDED from src\main\AndroidManifest.xml:61:13-55
	android:name
		ADDED from src\main\AndroidManifest.xml:60:13-51
activity#com.ihealth.devices.HS4S
ADDED from src\main\AndroidManifest.xml:62:9-64:68
	android:label
		ADDED from src\main\AndroidManifest.xml:64:13-56
	android:name
		ADDED from src\main\AndroidManifest.xml:63:13-52
activity#com.ihealth.devices.Po3
ADDED from src\main\AndroidManifest.xml:65:9-67:66
	android:label
		ADDED from src\main\AndroidManifest.xml:67:13-54
	android:name
		ADDED from src\main\AndroidManifest.xml:66:13-51
activity#com.ihealth.devices.BG5
ADDED from src\main\AndroidManifest.xml:68:9-70:67
	android:label
		ADDED from src\main\AndroidManifest.xml:70:13-55
	android:name
		ADDED from src\main\AndroidManifest.xml:69:13-51
activity#com.ihealth.devices.BG1
ADDED from src\main\AndroidManifest.xml:71:9-73:67
	android:label
		ADDED from src\main\AndroidManifest.xml:73:13-55
	android:name
		ADDED from src\main\AndroidManifest.xml:72:13-51
activity#com.ihealth.devices.ABI
ADDED from src\main\AndroidManifest.xml:74:9-76:67
	android:label
		ADDED from src\main\AndroidManifest.xml:76:13-55
	android:name
		ADDED from src\main\AndroidManifest.xml:75:13-51
activity#com.ihealth.devices.HS6
ADDED from src\main\AndroidManifest.xml:77:9-79:67
	android:label
		ADDED from src\main\AndroidManifest.xml:79:13-55
	android:name
		ADDED from src\main\AndroidManifest.xml:78:13-51
activity#com.ihealth.devices.AM3
ADDED from src\main\AndroidManifest.xml:80:9-82:67
	android:label
		ADDED from src\main\AndroidManifest.xml:82:13-55
	android:name
		ADDED from src\main\AndroidManifest.xml:81:13-51
activity#com.ihealth.devices.AM3S
ADDED from src\main\AndroidManifest.xml:83:9-85:68
	android:label
		ADDED from src\main\AndroidManifest.xml:85:13-56
	android:name
		ADDED from src\main\AndroidManifest.xml:84:13-52
activity#com.ihealth.devices.AM4
ADDED from src\main\AndroidManifest.xml:86:9-88:67
	android:label
		ADDED from src\main\AndroidManifest.xml:88:13-55
	android:name
		ADDED from src\main\AndroidManifest.xml:87:13-51
activity#com.ihealth.devices.Bp7s
ADDED from src\main\AndroidManifest.xml:89:9-91:68
	android:label
		ADDED from src\main\AndroidManifest.xml:91:13-56
	android:name
		ADDED from src\main\AndroidManifest.xml:90:13-52
activity#com.ihealth.devices.Bp550BT
ADDED from src\main\AndroidManifest.xml:92:9-94:72
	android:label
		ADDED from src\main\AndroidManifest.xml:94:13-60
	android:name
		ADDED from src\main\AndroidManifest.xml:93:13-55
activity#com.ihealth.devices.Bp926
ADDED from src\main\AndroidManifest.xml:95:9-97:69
	android:label
		ADDED from src\main\AndroidManifest.xml:97:13-57
	android:name
		ADDED from src\main\AndroidManifest.xml:96:13-53
activity#com.ihealth.main.Login
ADDED from src\main\AndroidManifest.xml:98:9-68
	android:name
		ADDED from src\main\AndroidManifest.xml:98:19-56